Name:             nginx-deploy-56759b867-28h6b
Namespace:        nginx
Priority:         0
Service Account:  default
Node:             prakash-cluster-worker3/172.18.0.2
Start Time:       Mon, 11 Aug 2025 10:58:21 +0000
Labels:           apps=nginx
                  pod-template-hash=56759b867
Annotations:      <none>
Status:           Running
IP:               10.244.2.41
IPs:
  IP:           10.244.2.41
Controlled By:  ReplicaSet/nginx-deploy-56759b867
Containers:
  nginx:
    Container ID:   containerd://ed6aa51c20e532a26d5d248400fae59aa12db2c1100275e8361fbfd56e9e1f2a
    Image:          nginx:1.28.0
    Image ID:       docker.io/library/nginx@sha256:7935b9ee80fe4076ce8ca637fe7bb0c7a1268e2bd854032a0563ecc96bfa6747
    Port:           80/TCP
    Host Port:      0/TCP
    State:          Running
      Started:      Mon, 11 Aug 2025 10:58:29 +0000
    Ready:          True
    Restart Count:  0
    Environment:    <none>
    Mounts:
      /var/run/secrets/kubernetes.io/serviceaccount from kube-api-access-lmsr6 (ro)
Conditions:
  Type                        Status
  PodReadyToStartContainers   True 
  Initialized                 True 
  Ready                       True 
  ContainersReady             True 
  PodScheduled                True 
Volumes:
  kube-api-access-lmsr6:
    Type:                    Projected (a volume that contains injected data from multiple sources)
    TokenExpirationSeconds:  3607
    ConfigMapName:           kube-root-ca.crt
    Optional:                false
    DownwardAPI:             true
QoS Class:                   BestEffort
Node-Selectors:              <none>
Tolerations:                 node.kubernetes.io/not-ready:NoExecute op=Exists for 300s
                             node.kubernetes.io/unreachable:NoExecute op=Exists for 300s
Events:
  Type    Reason     Age    From               Message
  ----    ------     ----   ----               -------
  Normal  Scheduled  4m54s  default-scheduler  Successfully assigned nginx/nginx-deploy-56759b867-28h6b to prakash-cluster-worker3
  Normal  Pulling    4m54s  kubelet            Pulling image "nginx:1.28.0"
  Normal  Pulled     4m48s  kubelet            Successfully pulled image "nginx:1.28.0" in 6.112s (6.112s including waiting). Image size: 72396632 bytes.
  Normal  Created    4m48s  kubelet            Created container nginx
  Normal  Started    4m47s  kubelet            Started container nginx
